🔎 checking possible migrations..

🔎 found a 'autodocsTrue' migration:
╭ Automigration detected ────────────────────────────────────────────────────────────────────────────╮
│                                                                                                    │
│   We've changed the configuration of autodocs (previous docsPage), so now the value:               │
│     - docs.autodocs: true -- means automatically create docs for every CSF file                    │
│     - docs.autodocs: 'tag' -- means only create autodocs for CSF files with the 'autodocs' tag     │
│     - docs.autodocs: false -- means never create autodocs                                          │
│                                                                                                    │
│   Based on your prior configuration,  we can set the `docs.autodocs` to keep your old behaviour:   │
│                                                                                                    │
│   docs: { autodocs: true }                                                                         │
│                                                                                                    │
│   More info: https://github.com/storybookjs/storybook/blob/next/MIGRATION.md#autodocs-changes      │
│                                                                                                    │
╰────────────────────────────────────────────────────────────────────────────────────────────────────╯
✅ Setting 'docs.autodocs' to true in main.js
✅ ran autodocsTrue migration

🔎 found a 'remove-react-dependency' migration:
╭ Manual migration detected ───────────────────────────────────────────────────────────────────────────────────────────────╮
│                                                                                                                          │
│   We detected that your project has a dependency for "react" that it might not need.                                     │
│   Nothing breaks by having it, you can safely ignore this message, if you wish.                                          │
│                                                                                                                          │
│   Storybook asked you to add "react" as a direct dependency in the past when upgrading from Storybook 6 to 7.            │
│   However, since version 8.0, Storybook no longer requires you to provide "react" as a dependency.                       │
│   Some community addons might still wrongfully list "react" and "react-dom" as required peer dependencies, but since     │
│   Storybook 7.6 it should not be needed in the majority of cases.                                                        │
│                                                                                                                          │
│   If you know you are not using React outside of Storybook, it should be safe to remove the "react" and "react-dom"      │
│   dependencies from your project's package.json.                                                                         │
│   Storybook cannot do this automatically as removing it might break your project, so it should be done manually with     │
│   care.                                                                                                                  │
│                                                                                                                          │
╰──────────────────────────────────────────────────────────────────────────────────────────────────────────────────────────╯

⚠️  failed to check fix autodocs-tags

Error: ❌ Failed to remove the deprecated docs.autodocs setting from .storybook/main.ts.

There is no preview config file in which to add the autodocs tag.

Please perform the migration by hand: https://github.com/storybookjs/storybook/blob/next/MIGRATION.md#mainjs-docsautodocs-is-deprecated
    at Object.check (/Users/deimantas/.npm/_npx/41f11c336c66b71c/node_modules/@storybook/cli/dist/bin/index.cjs:165:533)
    at runFixes (/Users/deimantas/.npm/_npx/41f11c336c66b71c/node_modules/@storybook/cli/dist/bin/index.cjs:567:2936)
    at async automigrate (/Users/deimantas/.npm/_npx/41f11c336c66b71c/node_modules/@storybook/cli/dist/bin/index.cjs:567:1625)
    at async doAutomigrate (/Users/deimantas/.npm/_npx/41f11c336c66b71c/node_modules/@storybook/cli/dist/bin/index.cjs:567:636)
    at async Command.<anonymous> (/Users/deimantas/.npm/_npx/41f11c336c66b71c/node_modules/@storybook/cli/dist/bin/index.cjs:637:2892)

╭ Migration check ran with failures ───────────────────────────────────────────────────────────────────────────────────────╮
│                                                                                                                          │
│   Successful migrations:                                                                                                 │
│                                                                                                                          │
│   autodocsTrue                                                                                                           │
│                                                                                                                          │
│   Failed migrations:                                                                                                     │
│                                                                                                                          │
│   autodocs-tags:                                                                                                         │
│   ❌ Failed to remove the deprecated docs.autodocs setting from .storybook/main.ts.                                      │
│                                                                                                                          │
│   There is no preview config file in which to add the autodocs tag.                                                      │
│                                                                                                                          │
│   Please perform the migration by hand:                                                                                  │
│   https://github.com/storybookjs/storybook/blob/next/MIGRATION.md#mainjs-docsautodocs-is-deprecated                      │
│                                                                                                                          │
│   You can find the full logs in /Users/deimantas/software-development/diamondu/migration-storybook.log                   │
│                                                                                                                          │
│   Manual migrations:                                                                                                     │
│                                                                                                                          │
│   remove-react-dependency                                                                                                │
│                                                                                                                          │
│   ─────────────────────────────────────────────────                                                                      │
│                                                                                                                          │
│   If you'd like to run the migrations again, you can do so by running 'npx storybook automigrate'                        │
│                                                                                                                          │
│   The automigrations try to migrate common patterns in your project, but might not contain everything needed to          │
│   migrate to the latest version of Storybook.                                                                            │
│                                                                                                                          │
│   Please check the changelog and migration guide for manual migrations and more information:                             │
│   https://storybook.js.org/docs/migration-guide                                                                          │
│   And reach out on Discord if you need help: https://discord.gg/storybook                                                │
│                                                                                                                          │
╰──────────────────────────────────────────────────────────────────────────────────────────────────────────────────────────╯

